15:29:00.663 [main] INFO org.ssa.ironyard.liquorstore.controller.CustomerController - got customer info 
15:37:42.907 [main] INFO org.ssa.ironyard.liquorstore.controller.CustomerController - got customer info 
15:41:23.062 [main] INFO org.ssa.ironyard.liquorstore.controller.CustomerController - got customer info 
15:45:49.958 [main] INFO org.ssa.ironyard.liquorstore.controller.CustomerController - got customer info 
15:46:45.675 [main] INFO org.ssa.ironyard.liquorstore.controller.CustomerController - got customer info 
15:47:27.886 [main] INFO org.ssa.ironyard.liquorstore.controller.CustomerController - got customer info 
15:48:38.918 [main] INFO org.ssa.ironyard.liquorstore.controller.CustomerController - got customer info 
15:49:37.267 [main] INFO org.ssa.ironyard.liquorstore.controller.CustomerController - got customer info 
15:59:14.571 [main] INFO org.ssa.ironyard.liquorstore.controller.CustomerController - got customer info 
16:04:22.999 [main] INFO org.ssa.ironyard.liquorstore.controller.CustomerController - got customer info 
16:04:23.005 [main] INFO org.ssa.ironyard.liquorstore.controller.CustomerController - got customer info 
16:05:50.234 [main] INFO org.ssa.ironyard.liquorstore.controller.CustomerController - got customer info edit 
16:05:50.240 [main] INFO org.ssa.ironyard.liquorstore.controller.CustomerController - got customer info add 
16:06:34.683 [main] INFO org.ssa.ironyard.liquorstore.controller.CustomerController - got customer info edit 
16:06:34.691 [main] INFO org.ssa.ironyard.liquorstore.controller.CustomerController - got customer info add 
16:07:11.039 [main] INFO org.ssa.ironyard.liquorstore.controller.CustomerController - got customer info edit 
16:07:11.047 [main] INFO org.ssa.ironyard.liquorstore.controller.CustomerController - got customer info add 
16:07:34.685 [main] INFO org.ssa.ironyard.liquorstore.controller.CustomerController - got customer info edit 
16:07:34.691 [main] INFO org.ssa.ironyard.liquorstore.controller.CustomerController - got customer info add 
16:24:37.831 [main] INFO org.ssa.ironyard.liquorstore.controller.AdminController - returning single customer
16:24:37.833 [main] INFO org.ssa.ironyard.liquorstore.controller.AdminController - Found customer
16:25:52.888 [main] INFO org.ssa.ironyard.liquorstore.controller.AdminController - returning single customer
16:25:52.890 [main] INFO org.ssa.ironyard.liquorstore.controller.AdminController - Found customer
16:30:03.427 [main] INFO org.ssa.ironyard.liquorstore.controller.AdminController - returning single customer
16:30:03.429 [main] INFO org.ssa.ironyard.liquorstore.controller.AdminController - Found customer
16:32:39.024 [main] INFO org.ssa.ironyard.liquorstore.controller.AdminController - returning single customer
16:32:39.026 [main] INFO org.ssa.ironyard.liquorstore.controller.AdminController - Found customer
16:36:50.340 [main] INFO org.ssa.ironyard.liquorstore.controller.AdminController - getting one product
16:36:50.346 [main] INFO org.ssa.ironyard.liquorstore.controller.AdminController - returning single customer
16:36:50.348 [main] INFO org.ssa.ironyard.liquorstore.controller.AdminController - Found customer
10:39:54.446 [main] INFO org.ssa.ironyard.liquorstore.controller.CustomerController - got customer info add 
10:39:54.474 [main] INFO org.ssa.ironyard.liquorstore.controller.CustomerController - got customer info edit 
10:41:47.284 [main] INFO org.ssa.ironyard.liquorstore.controller.CustomerController - got customer info add 
10:41:47.291 [main] INFO org.ssa.ironyard.liquorstore.controller.CustomerController - got customer info edit 
10:43:03.153 [main] INFO org.ssa.ironyard.liquorstore.controller.CustomerController - got customer info add 
10:43:03.163 [main] INFO org.ssa.ironyard.liquorstore.controller.CustomerController - got customer info edit 
10:43:15.808 [main] INFO org.ssa.ironyard.liquorstore.controller.CustomerController - got customer info add 
10:43:15.818 [main] INFO org.ssa.ironyard.liquorstore.controller.CustomerController - got customer info edit 
10:43:52.577 [main] INFO org.ssa.ironyard.liquorstore.controller.CustomerController - got customer info add 
10:43:52.587 [main] INFO org.ssa.ironyard.liquorstore.controller.CustomerController - got customer info edit 
10:44:49.468 [main] INFO org.ssa.ironyard.liquorstore.controller.CustomerController - got customer info add 
10:44:49.476 [main] INFO org.ssa.ironyard.liquorstore.controller.CustomerController - got customer info edit 
10:45:40.202 [main] INFO org.ssa.ironyard.liquorstore.controller.CustomerController - got customer info add 
10:45:40.212 [main] INFO org.ssa.ironyard.liquorstore.controller.CustomerController - got customer info edit 
10:45:48.213 [main] INFO org.ssa.ironyard.liquorstore.controller.CustomerController - got customer info add 
10:45:48.223 [main] INFO org.ssa.ironyard.liquorstore.controller.CustomerController - got customer info edit 
10:46:55.004 [main] INFO org.ssa.ironyard.liquorstore.controller.CustomerController - got customer info add 
10:46:55.012 [main] INFO org.ssa.ironyard.liquorstore.controller.CustomerController - got customer info edit 
10:47:21.440 [main] INFO org.ssa.ironyard.liquorstore.controller.CustomerController - got customer info add 
10:47:21.450 [main] INFO org.ssa.ironyard.liquorstore.controller.CustomerController - got customer info edit 
10:47:49.641 [main] INFO org.ssa.ironyard.liquorstore.controller.CustomerController - got customer info add 
10:47:49.649 [main] INFO org.ssa.ironyard.liquorstore.controller.CustomerController - got customer info edit 
10:48:16.014 [main] INFO org.ssa.ironyard.liquorstore.controller.CustomerController - got customer info add 
10:48:16.022 [main] INFO org.ssa.ironyard.liquorstore.controller.CustomerController - got customer info edit 
10:50:52.275 [main] INFO org.ssa.ironyard.liquorstore.controller.AdminController - getting one product
10:50:52.310 [main] INFO org.ssa.ironyard.liquorstore.controller.AdminController - returning single customer
10:50:52.312 [main] INFO org.ssa.ironyard.liquorstore.controller.AdminController - Found customer
10:54:13.411 [main] INFO org.ssa.ironyard.liquorstore.controller.AdminController - getting one product
10:54:13.421 [main] INFO org.ssa.ironyard.liquorstore.controller.AdminController - returning single customer
10:54:13.423 [main] INFO org.ssa.ironyard.liquorstore.controller.AdminController - Found customer
